<?xml version="1.0" encoding="UTF-8"?>
<testsuite xmlns:xsi="http://www.w3.org/2001/XMLSchema-instance" xsi:noNamespaceSchemaLocation="https://maven.apache.org/surefire/maven-surefire-plugin/xsd/surefire-test-report-3.0.xsd" version="3.0" name="unit_tests.CardTest" time="0.382" tests="11" errors="0" skipped="0" failures="0">
  <properties>
[...]
</properties>
  <testcase name="blockedTest" classname="unit_tests.CardTest" time="0.002">
    <system-out><![CDATA[Test started
Test class Card start
Class created
]]></system-out>
    <system-err><![CDATA[SLF4J: Failed to load class "org.slf4j.impl.StaticLoggerBinder".
SLF4J: Defaulting to no-operation (NOP) logger implementation
SLF4J: See http://www.slf4j.org/codes.html#StaticLoggerBinder for further details.
]]></system-err>
  </testcase>
  <testcase name="testBalance" classname="unit_tests.CardTest" time="0"/>
  <testcase name="testUnblpcked" classname="unit_tests.CardTest" time="0"/>
  <testcase name="TestCardAndBank" classname="unit_tests.CardTest" time="0.001"/>
  <testcase name="testUpBalance[1000, 1000](1)" classname="unit_tests.CardTest" time="0.002"/>
  <testcase name="testUpBalance[2000, 2000](2)" classname="unit_tests.CardTest" time="0"/>
  <testcase name="testUpBalance[12, 12](3)" classname="unit_tests.CardTest" time="0"/>
  <testcase name="unblockedTest" classname="unit_tests.CardTest" time="0"/>
  <testcase name="testPay[10000, unblocked, 1000, 1000](2)" classname="unit_tests.CardTest" time="0.005"/>
  <testcase name="testPay[777, blocked, 1000, 1000](4)" classname="unit_tests.CardTest" time="0.001"/>
  <testcase name="testPay[777, unblocked, 1000, 223](6)" classname="unit_tests.CardTest" time="0"/>
</testsuite>