<?xml version="1.0" encoding="UTF-8"?>
<!-- Generated by org.testng.reporters.JUnitXMLReporter -->
<testsuite ignored="1" hostname="IlyaChernikin" failures="0" tests="11" name="Surefire test" time="0.051" errors="0" timestamp="2023-06-05T00:22:46 MSK">
  <testcase classname="unit_tests.CardTest" name="blockedTest" time="0.002"/>
  <testcase classname="unit_tests.CardTest" name="testBalance" time="0.0"/>
  <testcase classname="unit_tests.CardTest" name="testUnblpcked" time="0.0"/>
  <testcase classname="unit_tests.CardTest" name="TestCardAndBank" time="0.001"/>
  <testcase classname="unit_tests.CardTest" name="testUpBalance" time="0.002"/>
  <testcase classname="unit_tests.CardTest" name="testUpBalance" time="0.001"/>
  <testcase classname="unit_tests.CardTest" name="testUpBalance" time="0.001"/>
  <testcase classname="unit_tests.CardTest" name="unblockedTest" time="0.002"/>
  <testcase classname="unit_tests.CardTest" name="testPay" time="0.005"/>
  <testcase classname="unit_tests.CardTest" name="testPay" time="0.001"/>
  <testcase classname="unit_tests.CardTest" name="testPay" time="0.0"/>
  <testcase classname="unit_tests.CardTest" name="testIgnore" time="0.0">
    <ignored/>
  </testcase> <!-- testIgnore -->
</testsuite> <!-- Surefire test -->
